Added Component: Designator=1(HED2)
Add component (AddParameter): Name = "Value"; Value = "Header 2"; VariantName = "[No Variations]"
Added Component: Designator=2(HED2)
Add component (AddParameter): Name = "Value"; Value = "Header 2"; VariantName = "[No Variations]"
Added Component: Designator=ArduinoUNO R1(Arduino UNO R3)
Add component (AddParameter): Name = "Value"; Value = "Cau 1A"; VariantName = "[No Variations]"
Added Component: Designator=C1(CN2-T)
Add component (AddParameter): Name = "Value"; Value = "33pF"; VariantName = "[No Variations]"
Added Component: Designator=C2(CA-ALU-8)
Add component (AddParameter): Name = "LatestRevisionDate"; Value = "17-Jul-2002"; VariantName = "[No Variations]"
Add component (AddParameter): Name = "LatestRevisionNote"; Value = "Re-released for DXP Platform."; VariantName = "[No Variations]"
Add component (AddParameter): Name = "PackageReference"; Value = "C1206"; VariantName = "[No Variations]"
Add component (AddParameter): Name = "Publisher"; Value = "Altium Limited"; VariantName = "[No Variations]"
Add component (AddParameter): Name = "Value"; Value = "104"; VariantName = "[No Variations]"
Added Component: Designator=C3(CN2-T)
Add component (AddParameter): Name = "Value"; Value = "33pF"; VariantName = "[No Variations]"
Added Component: Designator=C4(CA-ALU-8)
Add component (AddParameter): Name = "LatestRevisionDate"; Value = "17-Jul-2002"; VariantName = "[No Variations]"
Add component (AddParameter): Name = "LatestRevisionNote"; Value = "Re-released for DXP Platform."; VariantName = "[No Variations]"
Add component (AddParameter): Name = "PackageReference"; Value = "C1206"; VariantName = "[No Variations]"
Add component (AddParameter): Name = "Publisher"; Value = "Altium Limited"; VariantName = "[No Variations]"
Add component (AddParameter): Name = "Value"; Value = "104"; VariantName = "[No Variations]"
Added Component: Designator=C5(CN2-T)
Add component (AddParameter): Name = "Value"; Value = "33pF"; VariantName = "[No Variations]"
Added Component: Designator=LCD1(CON4)
Add component (AddParameter): Name = "Value"; Value = "Connector 4"; VariantName = "[No Variations]"
Added Component: Designator=MCU1(Esp8266_NodeMCU_CP2102)
Added Component: Designator=U1(MODULE_LM2596)
Added Component: Designator=U2(MODULE_LM2596)
Added Component: Designator=U3(Lora SX1278)
Added Pin To Net: NetName=+3V3 Pin=ArduinoUNO R1-3V3
Added Pin To Net: NetName=+3V3 Pin=U3-3
Added Net: Name=+3V3
Added Pin To Net: NetName=+5 Pin=C1-2
Added Pin To Net: NetName=+5 Pin=C2-1
Added Pin To Net: NetName=+5 Pin=C5-1
Added Pin To Net: NetName=+5 Pin=LCD1-2
Added Pin To Net: NetName=+5 Pin=MCU1-15
Added Pin To Net: NetName=+5 Pin=U1-4
Added Net: Name=+5
Added Pin To Net: NetName=+7 Pin=ArduinoUNO R1-Vin
Added Pin To Net: NetName=+7 Pin=C3-2
Added Pin To Net: NetName=+7 Pin=C4-1
Added Pin To Net: NetName=+7 Pin=U2-4
Added Net: Name=+7
Added Pin To Net: NetName=A Pin=ArduinoUNO R1-A0
Added Net: Name=A
Added Pin To Net: NetName=D0 Pin=ArduinoUNO R1-A2
Added Net: Name=D0
Added Pin To Net: NetName=D5 Pin=MCU1-23
Added Net: Name=D5
Added Pin To Net: NetName=D6 Pin=ArduinoUNO R1-~6
Added Pin To Net: NetName=D6 Pin=MCU1-22
Added Net: Name=D6
Added Pin To Net: NetName=D7 Pin=ArduinoUNO R1-7
Added Pin To Net: NetName=D7 Pin=MCU1-21
Added Net: Name=D7
Added Pin To Net: NetName=D8 Pin=MCU1-20
Added Net: Name=D8
Added Pin To Net: NetName=DIO0 Pin=ArduinoUNO R1-2
Added Pin To Net: NetName=DIO0 Pin=U3-5
Added Net: Name=DIO0
Added Pin To Net: NetName=GND Pin=ArduinoUNO R1-GND
Added Pin To Net: NetName=GND Pin=ArduinoUNO R1-GND
Added Pin To Net: NetName=GND Pin=ArduinoUNO R1-GND
Added Pin To Net: NetName=GND Pin=ArduinoUNO R1-GND
Added Pin To Net: NetName=GND Pin=ArduinoUNO R1-GND
Added Pin To Net: NetName=GND Pin=ArduinoUNO R1-GND
Added Pin To Net: NetName=GND Pin=C1-1
Added Pin To Net: NetName=GND Pin=C2-2
Added Pin To Net: NetName=GND Pin=C3-1
Added Pin To Net: NetName=GND Pin=C4-2
Added Pin To Net: NetName=GND Pin=C5-2
Added Pin To Net: NetName=GND Pin=LCD1-1
Added Pin To Net: NetName=GND Pin=MCU1-14
Added Pin To Net: NetName=GND Pin=U1-3
Added Pin To Net: NetName=GND Pin=U2-3
Added Pin To Net: NetName=GND Pin=U3-1
Added Net: Name=GND
Added Pin To Net: NetName=Net1_1 Pin=1-1
Added Pin To Net: NetName=Net1_1 Pin=U1-1
Added Net: Name=Net1_1
Added Pin To Net: NetName=Net1_2 Pin=1-2
Added Pin To Net: NetName=Net1_2 Pin=U1-2
Added Net: Name=Net1_2
Added Pin To Net: NetName=Net2_1 Pin=2-1
Added Pin To Net: NetName=Net2_1 Pin=U2-1
Added Net: Name=Net2_1
Added Pin To Net: NetName=Net2_2 Pin=2-2
Added Pin To Net: NetName=Net2_2 Pin=U2-2
Added Net: Name=Net2_2
Added Pin To Net: NetName=NetArduinoUNO R1_12 Pin=ArduinoUNO R1-12
Added Pin To Net: NetName=NetArduinoUNO R1_12 Pin=U3-13
Added Net: Name=NetArduinoUNO R1_12
Added Pin To Net: NetName=NetArduinoUNO R1_13 Pin=ArduinoUNO R1-13
Added Pin To Net: NetName=NetArduinoUNO R1_13 Pin=U3-12
Added Net: Name=NetArduinoUNO R1_13
Added Pin To Net: NetName=NetArduinoUNO R1_~10 Pin=ArduinoUNO R1-~10
Added Pin To Net: NetName=NetArduinoUNO R1_~10 Pin=U3-15
Added Net: Name=NetArduinoUNO R1_~10
Added Pin To Net: NetName=NetArduinoUNO R1_~11 Pin=ArduinoUNO R1-~11
Added Pin To Net: NetName=NetArduinoUNO R1_~11 Pin=U3-14
Added Net: Name=NetArduinoUNO R1_~11
Added Pin To Net: NetName=P0 Pin=ArduinoUNO R1-A1
Added Net: Name=P0
Added Pin To Net: NetName=RST Pin=ArduinoUNO R1-~9
Added Pin To Net: NetName=RST Pin=U3-4
Added Net: Name=RST
Added Pin To Net: NetName=SCL Pin=ArduinoUNO R1-A5
Added Pin To Net: NetName=SCL Pin=LCD1-4
Added Net: Name=SCL
Added Pin To Net: NetName=SDA Pin=ArduinoUNO R1-A4
Added Pin To Net: NetName=SDA Pin=LCD1-3
Added Net: Name=SDA
Added Class: Name=Uno trung tam nha kinh
Added Room: Name=Uno trung tam nha kinh
